Using pre-set license
Built from '2020.2/release' branch; Version is '2020.2.2f1 (068178b99f32) revision 426360'; Using compiler version '192528614'; Build Type 'Release'
OS: 'Windows 10 Home; OS build 19041.804; Version 2004; 64bit' Language: 'ru' Physical Memory: 8129 MB
BatchMode: 1, IsHumanControllingUs: 0, StartBugReporterOnCrash: 0, Is64bit: 1, IsPro: 0

 COMMAND LINE ARGUMENTS:
C:\Program Files\Unity\Hub\Editor\2020.2.2f1\Editor\Unity.exe
-adb2
-batchMode
-noUpm
-name
AssetImportWorker0
-projectPath
C:/Users/princ/Brash ghost/3inRow
-logFile
Logs/AssetImportWorker0.log
-srvPort
60930
Successfully changed project path to: C:/Users/princ/Brash ghost/3inRow
C:/Users/princ/Brash ghost/3inRow
Using Asset Import Pipeline V2.
Refreshing native plugins compatible for Editor in 41.80 ms, found 1 plugins.
Preloading 0 native plugins for Editor in 0.00 ms.
Initialize engine version: 2020.2.2f1 (068178b99f32)
[Subsystems] Discovering subsystems at path C:/Program Files/Unity/Hub/Editor/2020.2.2f1/Editor/Data/Resources/UnitySubsystems
[Subsystems] Discovering subsystems at path C:/Users/princ/Brash ghost/3inRow/Assets
GfxDevice: creating device client; threaded=0
Direct3D:
    Version:  Direct3D 11.0 [level 11.1]
    Renderer: NVIDIA GeForce GTX 1050 (ID=0x1c81)
    Vendor:   
    VRAM:     1977 MB
    Driver:   27.21.14.5751
Initialize mono
Mono path[0] = 'C:/Program Files/Unity/Hub/Editor/2020.2.2f1/Editor/Data/Managed'
Mono path[1] = 'C:/Program Files/Unity/Hub/Editor/2020.2.2f1/Editor/Data/MonoBleedingEdge/lib/mono/unityjit'
Mono config path = 'C:/Program Files/Unity/Hub/Editor/2020.2.2f1/Editor/Data/MonoBleedingEdge/etc'
Using monoOptions --debugger-agent=transport=dt_socket,embedding=1,server=y,suspend=n,address=127.0.0.1:56712
Begin MonoManager ReloadAssembly
Registering precompiled unity dll's ...
Register platform support module: C:/Program Files/Unity/Hub/Editor/2020.2.2f1/Editor/Data/PlaybackEngines/WindowsStandaloneSupport/UnityEditor.WindowsStandalone.Extensions.dll
Registered in 0.002419 seconds.
Native extension for WindowsStandalone target not found
Refreshing native plugins compatible for Editor in 42.98 ms, found 1 plugins.
Preloading 0 native plugins for Editor in 0.00 ms.
Invoked RoslynAnalysisRunner static constructor.
RoslynAnalysisRunner will not be running.
RoslynAnalysisRunner has terminated.
Mono: successfully reloaded assembly
- Completed reload, in  2.359 seconds
Platform modules already initialized, skipping
Registering precompiled user dll's ...
Registered in 0.001769 seconds.
Begin MonoManager ReloadAssembly
Native extension for WindowsStandalone target not found
Refreshing native plugins compatible for Editor in 181.82 ms, found 1 plugins.
Preloading 0 native plugins for Editor in 0.00 ms.
Invoked RoslynAnalysisRunner static constructor.
RoslynAnalysisRunner will not be running.
RoslynAnalysisRunner has terminated.
Mono: successfully reloaded assembly
- Completed reload, in  2.581 seconds
Platform modules already initialized, skipping
========================================================================
Worker process is ready to serve import requests
Launched and connected shader compiler UnityShaderCompiler.exe after 0.09 seconds
Refreshing native plugins compatible for Editor in 0.41 ms, found 1 plugins.
Preloading 0 native plugins for Editor in 0.00 ms.
Unloading 1796 Unused Serialized files (Serialized files now loaded: 0)
System memory in use before: 84.5 MB.
System memory in use after: 84.4 MB.

Unloading 24 unused Assets to reduce memory usage. Loaded Objects now: 2238.
Total: 6.579600 ms (FindLiveObjects: 0.650700 ms CreateObjectMapping: 0.410400 ms MarkObjects: 5.351700 ms  DeleteObjects: 0.164500 ms)

========================================================================
Received Import Request.
  path: Assets/scripts/boardController.cs
  artifactKey: Guid(5a91114886eec9341b3d08c00f8a81da) Importer(815301076,1909f56bfc062723c751e8b465ee728b)
Start importing Assets/scripts/boardController.cs using Guid(5a91114886eec9341b3d08c00f8a81da) Importer(815301076,1909f56bfc062723c751e8b465ee728b)  -> (artifact id: 'ec6e961119ba9757fc4ad12997ddbbdd') in 0.090070 seconds
  Import took 0.107489 seconds .

========================================================================
Received Prepare
Registering precompiled user dll's ...
Registered in 0.001360 seconds.
Begin MonoManager ReloadAssembly
Native extension for WindowsStandalone target not found
Refreshing native plugins compatible for Editor in 0.38 ms, found 1 plugins.
Preloading 0 native plugins for Editor in 0.00 ms.
Invoked RoslynAnalysisRunner static constructor.
RoslynAnalysisRunner will not be running.
RoslynAnalysisRunner has terminated.
Mono: successfully reloaded assembly
- Completed reload, in  1.057 seconds
Platform modules already initialized, skipping
Refreshing native plugins compatible for Editor in 0.85 ms, found 1 plugins.
Preloading 0 native plugins for Editor in 0.00 ms.
Unloading 1791 Unused Serialized files (Serialized files now loaded: 0)
System memory in use before: 84.5 MB.
System memory in use after: 84.5 MB.

Unloading 12 unused Assets to reduce memory usage. Loaded Objects now: 2241.
Total: 2.794800 ms (FindLiveObjects: 0.233900 ms CreateObjectMapping: 0.110100 ms MarkObjects: 2.330900 ms  DeleteObjects: 0.118300 ms)

========================================================================
Received Prepare
Registering precompiled user dll's ...
Registered in 0.001221 seconds.
Begin MonoManager ReloadAssembly
Native extension for WindowsStandalone target not found
Refreshing native plugins compatible for Editor in 0.40 ms, found 1 plugins.
Preloading 0 native plugins for Editor in 0.00 ms.
Invoked RoslynAnalysisRunner static constructor.
RoslynAnalysisRunner will not be running.
RoslynAnalysisRunner has terminated.
Mono: successfully reloaded assembly
- Completed reload, in  0.988 seconds
Platform modules already initialized, skipping
Refreshing native plugins compatible for Editor in 0.35 ms, found 1 plugins.
Preloading 0 native plugins for Editor in 0.00 ms.
Unloading 1791 Unused Serialized files (Serialized files now loaded: 0)
System memory in use before: 84.6 MB.
System memory in use after: 84.6 MB.

Unloading 12 unused Assets to reduce memory usage. Loaded Objects now: 2244.
Total: 2.214300 ms (FindLiveObjects: 0.210100 ms CreateObjectMapping: 0.090000 ms MarkObjects: 1.737900 ms  DeleteObjects: 0.175400 ms)

========================================================================
Received Prepare
Registering precompiled user dll's ...
Registered in 0.001390 seconds.
Begin MonoManager ReloadAssembly
Native extension for WindowsStandalone target not found
Refreshing native plugins compatible for Editor in 0.53 ms, found 1 plugins.
Preloading 0 native plugins for Editor in 0.00 ms.
Invoked RoslynAnalysisRunner static constructor.
RoslynAnalysisRunner will not be running.
RoslynAnalysisRunner has terminated.
Mono: successfully reloaded assembly
- Completed reload, in  1.029 seconds
Platform modules already initialized, skipping
Refreshing native plugins compatible for Editor in 0.34 ms, found 1 plugins.
Preloading 0 native plugins for Editor in 0.00 ms.
Unloading 1791 Unused Serialized files (Serialized files now loaded: 0)
System memory in use before: 84.7 MB.
System memory in use after: 84.7 MB.

Unloading 12 unused Assets to reduce memory usage. Loaded Objects now: 2247.
Total: 2.825300 ms (FindLiveObjects: 0.206200 ms CreateObjectMapping: 0.106600 ms MarkObjects: 2.348600 ms  DeleteObjects: 0.162800 ms)

========================================================================
Received Prepare
Registering precompiled user dll's ...
Registered in 0.001167 seconds.
Begin MonoManager ReloadAssembly
Native extension for WindowsStandalone target not found
Refreshing native plugins compatible for Editor in 0.39 ms, found 1 plugins.
Preloading 0 native plugins for Editor in 0.00 ms.
Invoked RoslynAnalysisRunner static constructor.
RoslynAnalysisRunner will not be running.
RoslynAnalysisRunner has terminated.
Mono: successfully reloaded assembly
- Completed reload, in  0.987 seconds
Platform modules already initialized, skipping
Refreshing native plugins compatible for Editor in 0.37 ms, found 1 plugins.
Preloading 0 native plugins for Editor in 0.00 ms.
Unloading 1791 Unused Serialized files (Serialized files now loaded: 0)
System memory in use before: 84.8 MB.
System memory in use after: 84.8 MB.

Unloading 12 unused Assets to reduce memory usage. Loaded Objects now: 2250.
Total: 2.303800 ms (FindLiveObjects: 0.202400 ms CreateObjectMapping: 0.072200 ms MarkObjects: 1.904100 ms  DeleteObjects: 0.124000 ms)

========================================================================
Received Prepare
Registering precompiled user dll's ...
Registered in 0.001766 seconds.
Begin MonoManager ReloadAssembly
Native extension for WindowsStandalone target not found
Refreshing native plugins compatible for Editor in 0.65 ms, found 1 plugins.
Preloading 0 native plugins for Editor in 0.00 ms.
Invoked RoslynAnalysisRunner static constructor.
RoslynAnalysisRunner will not be running.
RoslynAnalysisRunner has terminated.
Mono: successfully reloaded assembly
- Completed reload, in  1.331 seconds
Platform modules already initialized, skipping
Refreshing native plugins compatible for Editor in 0.42 ms, found 1 plugins.
Preloading 0 native plugins for Editor in 0.00 ms.
Unloading 1791 Unused Serialized files (Serialized files now loaded: 0)
System memory in use before: 85.0 MB.
System memory in use after: 85.0 MB.

Unloading 12 unused Assets to reduce memory usage. Loaded Objects now: 2253.
Total: 3.781200 ms (FindLiveObjects: 0.214800 ms CreateObjectMapping: 0.088600 ms MarkObjects: 3.358700 ms  DeleteObjects: 0.117100 ms)

========================================================================
Received Prepare
Registering precompiled user dll's ...
Registered in 0.040239 seconds.
Begin MonoManager ReloadAssembly
Native extension for WindowsStandalone target not found
Refreshing native plugins compatible for Editor in 0.42 ms, found 1 plugins.
Preloading 0 native plugins for Editor in 0.00 ms.
Invoked RoslynAnalysisRunner static constructor.
RoslynAnalysisRunner will not be running.
RoslynAnalysisRunner has terminated.
Mono: successfully reloaded assembly
- Completed reload, in  0.993 seconds
Platform modules already initialized, skipping
Refreshing native plugins compatible for Editor in 0.35 ms, found 1 plugins.
Preloading 0 native plugins for Editor in 0.00 ms.
Unloading 1791 Unused Serialized files (Serialized files now loaded: 0)
System memory in use before: 85.0 MB.
System memory in use after: 85.0 MB.

Unloading 12 unused Assets to reduce memory usage. Loaded Objects now: 2256.
Total: 2.318600 ms (FindLiveObjects: 0.197000 ms CreateObjectMapping: 0.097100 ms MarkObjects: 1.806100 ms  DeleteObjects: 0.216800 ms)

========================================================================
Received Import Request.
  Time since last request: 44229.221071 seconds.
  path: Assets/scripts/boardController.cs
  artifactKey: Guid(5a91114886eec9341b3d08c00f8a81da) Importer(815301076,1909f56bfc062723c751e8b465ee728b)
Start importing Assets/scripts/boardController.cs using Guid(5a91114886eec9341b3d08c00f8a81da) Importer(815301076,1909f56bfc062723c751e8b465ee728b)  -> (artifact id: 'f4937c656060711e69e7959e497b46e3') in 0.084820 seconds
  Import took 0.156868 seconds .

========================================================================
Received Prepare
Registering precompiled user dll's ...
Registered in 0.001287 seconds.
Begin MonoManager ReloadAssembly
Native extension for WindowsStandalone target not found
Refreshing native plugins compatible for Editor in 0.44 ms, found 1 plugins.
Preloading 0 native plugins for Editor in 0.00 ms.
Invoked RoslynAnalysisRunner static constructor.
RoslynAnalysisRunner will not be running.
RoslynAnalysisRunner has terminated.
Mono: successfully reloaded assembly
- Completed reload, in  1.782 seconds
Platform modules already initialized, skipping
Refreshing native plugins compatible for Editor in 0.41 ms, found 1 plugins.
Preloading 0 native plugins for Editor in 0.00 ms.
Unloading 1791 Unused Serialized files (Serialized files now loaded: 0)
System memory in use before: 85.1 MB.
System memory in use after: 85.1 MB.

Unloading 12 unused Assets to reduce memory usage. Loaded Objects now: 2259.
Total: 10.967800 ms (FindLiveObjects: 6.088600 ms CreateObjectMapping: 0.189700 ms MarkObjects: 4.539800 ms  DeleteObjects: 0.148300 ms)

========================================================================
Received Prepare
Registering precompiled user dll's ...
Registered in 0.001391 seconds.
Begin MonoManager ReloadAssembly
Native extension for WindowsStandalone target not found
Refreshing native plugins compatible for Editor in 0.36 ms, found 1 plugins.
Preloading 0 native plugins for Editor in 0.00 ms.
Invoked RoslynAnalysisRunner static constructor.
RoslynAnalysisRunner will not be running.
RoslynAnalysisRunner has terminated.
Mono: successfully reloaded assembly
- Completed reload, in  1.042 seconds
Platform modules already initialized, skipping
Refreshing native plugins compatible for Editor in 0.35 ms, found 1 plugins.
Preloading 0 native plugins for Editor in 0.00 ms.
Unloading 1791 Unused Serialized files (Serialized files now loaded: 0)
System memory in use before: 85.2 MB.
System memory in use after: 85.2 MB.

Unloading 12 unused Assets to reduce memory usage. Loaded Objects now: 2262.
Total: 2.918100 ms (FindLiveObjects: 0.821600 ms CreateObjectMapping: 0.244900 ms MarkObjects: 1.713400 ms  DeleteObjects: 0.137000 ms)

========================================================================
Received Import Request.
  Time since last request: 204.403707 seconds.
  path: Assets/scripts/boardController.cs
  artifactKey: Guid(5a91114886eec9341b3d08c00f8a81da) Importer(815301076,1909f56bfc062723c751e8b465ee728b)
Start importing Assets/scripts/boardController.cs using Guid(5a91114886eec9341b3d08c00f8a81da) Importer(815301076,1909f56bfc062723c751e8b465ee728b)  -> (artifact id: '26df32fb281532a796873de223c8ca6a') in 0.005757 seconds
  Import took 0.009651 seconds .

========================================================================
Received Import Request.
  Time since last request: 0.003374 seconds.
  path: Assets/scripts/boardController.cs
  artifactKey: Guid(5a91114886eec9341b3d08c00f8a81da) Importer(815301076,1909f56bfc062723c751e8b465ee728b)
Start importing Assets/scripts/boardController.cs using Guid(5a91114886eec9341b3d08c00f8a81da) Importer(815301076,1909f56bfc062723c751e8b465ee728b)  -> (artifact id: '26df32fb281532a796873de223c8ca6a') in 0.006314 seconds
  Import took 0.010356 seconds .

========================================================================
Received Prepare
Registering precompiled user dll's ...
Registered in 0.001450 seconds.
Begin MonoManager ReloadAssembly
Native extension for WindowsStandalone target not found
Refreshing native plugins compatible for Editor in 0.35 ms, found 1 plugins.
Preloading 0 native plugins for Editor in 0.00 ms.
Invoked RoslynAnalysisRunner static constructor.
RoslynAnalysisRunner will not be running.
RoslynAnalysisRunner has terminated.
Mono: successfully reloaded assembly
- Completed reload, in  0.917 seconds
Platform modules already initialized, skipping
Refreshing native plugins compatible for Editor in 0.36 ms, found 1 plugins.
Preloading 0 native plugins for Editor in 0.00 ms.
Unloading 1791 Unused Serialized files (Serialized files now loaded: 0)
System memory in use before: 85.3 MB.
System memory in use after: 85.3 MB.

Unloading 12 unused Assets to reduce memory usage. Loaded Objects now: 2265.
Total: 2.231500 ms (FindLiveObjects: 0.235300 ms CreateObjectMapping: 0.101300 ms MarkObjects: 1.743300 ms  DeleteObjects: 0.150300 ms)

========================================================================
Received Import Request.
  Time since last request: 59.122142 seconds.
  path: Assets/scripts/boardController.cs
  artifactKey: Guid(5a91114886eec9341b3d08c00f8a81da) Importer(815301076,1909f56bfc062723c751e8b465ee728b)
Start importing Assets/scripts/boardController.cs using Guid(5a91114886eec9341b3d08c00f8a81da) Importer(815301076,1909f56bfc062723c751e8b465ee728b)  -> (artifact id: 'be10868cefac576cd360108469a63e86') in 0.006446 seconds
  Import took 0.010438 seconds .

========================================================================
Received Prepare
Registering precompiled user dll's ...
Registered in 0.001153 seconds.
Begin MonoManager ReloadAssembly
Native extension for WindowsStandalone target not found
Refreshing native plugins compatible for Editor in 0.43 ms, found 1 plugins.
Preloading 0 native plugins for Editor in 0.00 ms.
Invoked RoslynAnalysisRunner static constructor.
RoslynAnalysisRunner will not be running.
RoslynAnalysisRunner has terminated.
Mono: successfully reloaded assembly
- Completed reload, in  0.917 seconds
Platform modules already initialized, skipping
Refreshing native plugins compatible for Editor in 0.35 ms, found 1 plugins.
Preloading 0 native plugins for Editor in 0.00 ms.
Unloading 1791 Unused Serialized files (Serialized files now loaded: 0)
System memory in use before: 85.4 MB.
System memory in use after: 85.4 MB.

Unloading 12 unused Assets to reduce memory usage. Loaded Objects now: 2268.
Total: 2.103400 ms (FindLiveObjects: 0.201100 ms CreateObjectMapping: 0.077300 ms MarkObjects: 1.688400 ms  DeleteObjects: 0.135700 ms)

========================================================================
Received Import Request.
  Time since last request: 76.892116 seconds.
  path: Assets/scripts/boardController.cs
  artifactKey: Guid(5a91114886eec9341b3d08c00f8a81da) Importer(815301076,1909f56bfc062723c751e8b465ee728b)
Start importing Assets/scripts/boardController.cs using Guid(5a91114886eec9341b3d08c00f8a81da) Importer(815301076,1909f56bfc062723c751e8b465ee728b)  -> (artifact id: 'f56a41d514edba2dc9d044dbed402baa') in 0.005981 seconds
  Import took 0.010099 seconds .

========================================================================
Received Prepare
Registering precompiled user dll's ...
Registered in 0.001099 seconds.
Begin MonoManager ReloadAssembly
Native extension for WindowsStandalone target not found
Refreshing native plugins compatible for Editor in 0.35 ms, found 1 plugins.
Preloading 0 native plugins for Editor in 0.00 ms.
Invoked RoslynAnalysisRunner static constructor.
RoslynAnalysisRunner will not be running.
RoslynAnalysisRunner has terminated.
Mono: successfully reloaded assembly
- Completed reload, in  0.967 seconds
Platform modules already initialized, skipping
Refreshing native plugins compatible for Editor in 0.34 ms, found 1 plugins.
Preloading 0 native plugins for Editor in 0.00 ms.
Unloading 1791 Unused Serialized files (Serialized files now loaded: 0)
System memory in use before: 85.5 MB.
System memory in use after: 85.5 MB.

Unloading 12 unused Assets to reduce memory usage. Loaded Objects now: 2271.
Total: 2.348500 ms (FindLiveObjects: 0.208800 ms CreateObjectMapping: 0.154100 ms MarkObjects: 1.851600 ms  DeleteObjects: 0.133100 ms)

========================================================================
Received Prepare
Registering precompiled user dll's ...
Registered in 0.001886 seconds.
Begin MonoManager ReloadAssembly
Native extension for WindowsStandalone target not found
Refreshing native plugins compatible for Editor in 0.49 ms, found 1 plugins.
Preloading 0 native plugins for Editor in 0.00 ms.
Invoked RoslynAnalysisRunner static constructor.
RoslynAnalysisRunner will not be running.
RoslynAnalysisRunner has terminated.
Mono: successfully reloaded assembly
- Completed reload, in  1.280 seconds
Platform modules already initialized, skipping
Refreshing native plugins compatible for Editor in 0.35 ms, found 1 plugins.
Preloading 0 native plugins for Editor in 0.00 ms.
Unloading 1791 Unused Serialized files (Serialized files now loaded: 0)
System memory in use before: 85.6 MB.
System memory in use after: 85.6 MB.

Unloading 12 unused Assets to reduce memory usage. Loaded Objects now: 2274.
Total: 2.002700 ms (FindLiveObjects: 0.176600 ms CreateObjectMapping: 0.071000 ms MarkObjects: 1.654200 ms  DeleteObjects: 0.099900 ms)

========================================================================
Received Import Request.
  Time since last request: 257.285626 seconds.
  path: Assets/scripts/boardController.cs
  artifactKey: Guid(5a91114886eec9341b3d08c00f8a81da) Importer(815301076,1909f56bfc062723c751e8b465ee728b)
Start importing Assets/scripts/boardController.cs using Guid(5a91114886eec9341b3d08c00f8a81da) Importer(815301076,1909f56bfc062723c751e8b465ee728b)  -> (artifact id: '42b43deea1ad44979cd8240ee7e52e41') in 0.008957 seconds
  Import took 0.012336 seconds .

========================================================================
Received Import Request.
  Time since last request: 0.016822 seconds.
  path: Assets/scripts/boardController.cs
  artifactKey: Guid(5a91114886eec9341b3d08c00f8a81da) Importer(815301076,1909f56bfc062723c751e8b465ee728b)
Start importing Assets/scripts/boardController.cs using Guid(5a91114886eec9341b3d08c00f8a81da) Importer(815301076,1909f56bfc062723c751e8b465ee728b)  -> (artifact id: '42b43deea1ad44979cd8240ee7e52e41') in 0.007844 seconds
  Import took 0.011071 seconds .

========================================================================
Received Prepare
Registering precompiled user dll's ...
Registered in 0.002270 seconds.
Begin MonoManager ReloadAssembly
Native extension for WindowsStandalone target not found
Refreshing native plugins compatible for Editor in 0.41 ms, found 1 plugins.
Preloading 0 native plugins for Editor in 0.00 ms.
Invoked RoslynAnalysisRunner static constructor.
RoslynAnalysisRunner will not be running.
RoslynAnalysisRunner has terminated.
Mono: successfully reloaded assembly
- Completed reload, in  0.991 seconds
Platform modules already initialized, skipping
Refreshing native plugins compatible for Editor in 0.34 ms, found 1 plugins.
Preloading 0 native plugins for Editor in 0.00 ms.
Unloading 1791 Unused Serialized files (Serialized files now loaded: 0)
System memory in use before: 85.7 MB.
System memory in use after: 85.7 MB.

Unloading 12 unused Assets to reduce memory usage. Loaded Objects now: 2277.
Total: 2.152600 ms (FindLiveObjects: 0.308300 ms CreateObjectMapping: 0.101200 ms MarkObjects: 1.603200 ms  DeleteObjects: 0.138900 ms)

========================================================================
Received Import Request.
  Time since last request: 77.362357 seconds.
  path: Assets/scripts/boardController.cs
  artifactKey: Guid(5a91114886eec9341b3d08c00f8a81da) Importer(815301076,1909f56bfc062723c751e8b465ee728b)
Start importing Assets/scripts/boardController.cs using Guid(5a91114886eec9341b3d08c00f8a81da) Importer(815301076,1909f56bfc062723c751e8b465ee728b)  -> (artifact id: '65d92580015dec60cd2f1993a2f8d3d7') in 0.005859 seconds
  Import took 0.009767 seconds .

========================================================================
Received Prepare
Registering precompiled user dll's ...
Registered in 0.001279 seconds.
Begin MonoManager ReloadAssembly
Native extension for WindowsStandalone target not found
Refreshing native plugins compatible for Editor in 0.34 ms, found 1 plugins.
Preloading 0 native plugins for Editor in 0.00 ms.
Invoked RoslynAnalysisRunner static constructor.
RoslynAnalysisRunner will not be running.
RoslynAnalysisRunner has terminated.
Mono: successfully reloaded assembly
- Completed reload, in  1.017 seconds
Platform modules already initialized, skipping
Refreshing native plugins compatible for Editor in 0.41 ms, found 1 plugins.
Preloading 0 native plugins for Editor in 0.00 ms.
Unloading 1791 Unused Serialized files (Serialized files now loaded: 0)
System memory in use before: 85.8 MB.
System memory in use after: 85.8 MB.

Unloading 12 unused Assets to reduce memory usage. Loaded Objects now: 2280.
Total: 2.099600 ms (FindLiveObjects: 0.199100 ms CreateObjectMapping: 0.080800 ms MarkObjects: 1.674100 ms  DeleteObjects: 0.144400 ms)

========================================================================
Received Import Request.
  Time since last request: 322.377195 seconds.
  path: Assets/scripts/boardController.cs
  artifactKey: Guid(5a91114886eec9341b3d08c00f8a81da) Importer(815301076,1909f56bfc062723c751e8b465ee728b)
Start importing Assets/scripts/boardController.cs using Guid(5a91114886eec9341b3d08c00f8a81da) Importer(815301076,1909f56bfc062723c751e8b465ee728b)  -> (artifact id: 'dcf0ee1754ed5849a029b0fd53c3dc03') in 0.006115 seconds
  Import took 0.010057 seconds .

========================================================================
Received Import Request.
  Time since last request: 0.134591 seconds.
  path: Assets/scripts/boardController.cs
  artifactKey: Guid(5a91114886eec9341b3d08c00f8a81da) Importer(815301076,1909f56bfc062723c751e8b465ee728b)
Start importing Assets/scripts/boardController.cs using Guid(5a91114886eec9341b3d08c00f8a81da) Importer(815301076,1909f56bfc062723c751e8b465ee728b)  -> (artifact id: 'dcf0ee1754ed5849a029b0fd53c3dc03') in 0.008547 seconds
  Import took 0.012388 seconds .

AssetImportWorkerClient::OnTransportError - code=2 error=End of file
